Thu 07 Sep 2023 04:56:23 AM UTC: 
 tests:  0|6
total_score: 0/70
5cb0459
Sun 10 Sep 2023 02:39:59 AM UTC: 
 hashmap.c | 2 +-
 1 file changed, 1 insertion(+), 1 deletion(-)
 tests:  0|6
total_score: 0/70
2c2b527
Sun 10 Sep 2023 02:41:21 AM UTC: 
 hashmap.c | 5 +++++
 1 file changed, 5 insertions(+)
 tests:  0|6
total_score: 0/70
05c6133
Sun 10 Sep 2023 02:42:21 AM UTC: 
 hashmap.c | 7 +++++++
 1 file changed, 7 insertions(+)
 tests:  4|5
total_score: 20/70
70a12b3
Sun 10 Sep 2023 04:20:57 AM UTC: 
 hashmap.c | 17 +++++++++++++++--
 1 file changed, 15 insertions(+), 2 deletions(-)
In file included from test.c:4:
hashmap.c: In function ‘enlarge’:
hashmap.c:63:5: error: expected expression before ‘long’
   63 |     long oldCapacity = map->capacity;
      |     ^~~~
hashmap.c:63:5: error: ‘return’ with a value, in function returning void [-Werror=return-type]
hashmap.c:60:6: note: declared here
   60 | void enlarge(HashMap * map) {
      |      ^~~~~~~
hashmap.c:68:26: error: ‘oldCapacity’ undeclared (first use in this function)
   68 |     for (long i = 0; i < oldCapacity; i++) {
      |                          ^~~~~~~~~~~
hashmap.c:68:26: note: each undeclared identifier is reported only once for each function it appears in
hashmap.c:70:28: error: ‘oluckets’ undeclared (first use in this function); did you mean ‘oldBuckets’?
   70 |             insertMap(map, oluckets[i]->key, oldBuckets[i]->value);
      |                            ^~~~~~~~
      |                            oldBuckets
cc1: all warnings being treated as errors
Compilation failed
29f0ffa
Sun 10 Sep 2023 04:21:09 AM UTC: 
 hashmap.c | 2 +-
 1 file changed, 1 insertion(+), 1 deletion(-)
In file included from test.c:4:
hashmap.c: In function ‘enlarge’:
hashmap.c:70:28: error: ‘oluckets’ undeclared (first use in this function); did you mean ‘oldBuckets’?
   70 |             insertMap(map, oluckets[i]->key, oldBuckets[i]->value);
      |                            ^~~~~~~~
      |                            oldBuckets
hashmap.c:70:28: note: each undeclared identifier is reported only once for each function it appears in
Compilation failed
ba93797
Sun 10 Sep 2023 04:21:35 AM UTC: 
 hashmap.c | 13 +++++++++----
 1 file changed, 9 insertions(+), 4 deletions(-)
In file included from test.c:4:
hashmap.c: In function ‘enlarge’:
hashmap.c:73:37: error: expected ‘;’ before ‘free’
   73 |             free(oldBuckets[i]->key)
      |                                     ^
      |                                     ;
   74 |             free(oldBuckets[i])
      |             ~~~~                     
hashmap.c: At top level:
hashmap.c:81:5: error: data definition has no type or storage class [-Werror]
   81 |     free(oldBuckets);
      |     ^~~~
hashmap.c:81:5: error: type defaults to ‘int’ in declaration of ‘free’ [-Werror=implicit-int]
hashmap.c:81:5: error: parameter names (without types) in function declaration [-Werror]
hashmap.c:81:5: error: conflicting types for ‘free’; have ‘int()’
In file included from test.c:2:
/nix/store/4pqv2mwdn88h7xvsm7a5zplrd8sxzvw0-glibc-2.35-163-dev/include/stdlib.h:555:13: note: previous declaration of ‘free’ with type ‘void(void *)’
  555 | extern void free (void *__ptr) __THROW;
      |             ^~~~
In file included from test.c:4:
hashmap.c:82:1: error: expected identifier or ‘(’ before ‘}’ token
   82 | }
      | ^
cc1: all warnings being treated as errors
Compilation failed
0013436
Sun 10 Sep 2023 04:21:45 AM UTC: 
 hashmap.c | 2 +-
 1 file changed, 1 insertion(+), 1 deletion(-)
In file included from test.c:4:
hashmap.c: In function ‘enlarge’:
hashmap.c:74:32: error: expected ‘;’ before ‘}’ token
   74 |             free(oldBuckets[i])
      |                                ^
      |                                ;
   75 |         }
      |         ~                       
hashmap.c: At top level:
hashmap.c:81:5: error: data definition has no type or storage class [-Werror]
   81 |     free(oldBuckets);
      |     ^~~~
hashmap.c:81:5: error: type defaults to ‘int’ in declaration of ‘free’ [-Werror=implicit-int]
hashmap.c:81:5: error: parameter names (without types) in function declaration [-Werror]
hashmap.c:81:5: error: conflicting types for ‘free’; have ‘int()’
In file included from test.c:2:
/nix/store/4pqv2mwdn88h7xvsm7a5zplrd8sxzvw0-glibc-2.35-163-dev/include/stdlib.h:555:13: note: previous declaration of ‘free’ with type ‘void(void *)’
  555 | extern void free (void *__ptr) __THROW;
      |             ^~~~
In file included from test.c:4:
hashmap.c:82:1: error: expected identifier or ‘(’ before ‘}’ token
   82 | }
      | ^
cc1: all warnings being treated as errors
Compilation failed
af91ff0
Sun 10 Sep 2023 04:21:54 AM UTC: 
 hashmap.c | 2 +-
 1 file changed, 1 insertion(+), 1 deletion(-)
In file included from test.c:4:
hashmap.c:81:5: error: data definition has no type or storage class [-Werror]
   81 |     free(oldBuckets);
      |     ^~~~
hashmap.c:81:5: error: type defaults to ‘int’ in declaration of ‘free’ [-Werror=implicit-int]
hashmap.c:81:5: error: parameter names (without types) in function declaration [-Werror]
hashmap.c:81:5: error: conflicting types for ‘free’; have ‘int()’
In file included from test.c:2:
/nix/store/4pqv2mwdn88h7xvsm7a5zplrd8sxzvw0-glibc-2.35-163-dev/include/stdlib.h:555:13: note: previous declaration of ‘free’ with type ‘void(void *)’
  555 | extern void free (void *__ptr) __THROW;
      |             ^~~~
In file included from test.c:4:
hashmap.c:82:1: error: expected identifier or ‘(’ before ‘}’ token
   82 | }
      | ^
cc1: all warnings being treated as errors
Compilation failed
0c51639
Sun 10 Sep 2023 04:22:31 AM UTC: 
 hashmap.c | 2 --
 1 file changed, 2 deletions(-)
 tests:  5|4
total_score: 30/70
caf8f48
Sun 10 Sep 2023 04:23:41 AM UTC: 
 hashmap.c | 3 ++-
 1 file changed, 2 insertions(+), 1 deletion(-)
 tests:  5|4
total_score: 30/70
754e93a
Sun 10 Sep 2023 04:24:27 AM UTC: 
 hashmap.c | 6 ++++++
 1 file changed, 6 insertions(+)
In file included from test.c:4:
hashmap.c: In function ‘createMap’:
hashmap.c:86:33: error: implicit declaration of function ‘callc’; did you mean ‘calloc’? [-Werror=implicit-function-declaration]
   86 |     newMap->buckets = (Pair **) callc(capacity, sizeof(Pair *));
      |                                 ^~~~~
      |                                 calloc
hashmap.c:86:23: error: cast to pointer from integer of different size [-Werror=int-to-pointer-cast]
   86 |     newMap->buckets = (Pair **) callc(capacity, sizeof(Pair *));
      |                       ^
cc1: all warnings being treated as errors
Compilation failed
0494dce
Sun 10 Sep 2023 04:25:17 AM UTC: 
 hashmap.c | 3 ++-
 1 file changed, 2 insertions(+), 1 deletion(-)
 tests:  5|4
total_score: 30/70
b9bcf24
Sun 10 Sep 2023 04:25:52 AM UTC: 
 hashmap.c | 6 +++++-
 1 file changed, 5 insertions(+), 1 deletion(-)
In file included from test.c:4:
hashmap.c: In function ‘createMap’:
hashmap.c:94:25: error: expected ‘;’ before ‘newMap’
   94 |     newMap->current = -1
      |                         ^
      |                         ;
   95 |     newMap->sie = 0;
      |     ~~~~~~               
Compilation failed
a382675
Sun 10 Sep 2023 04:26:20 AM UTC: 
 hashmap.c | 4 ++--
 1 file changed, 2 insertions(+), 2 deletions(-)
 tests:  6|3
total_score: 40/70
ad8f814
Sun 10 Sep 2023 04:29:43 AM UTC: 
 hashmap.c | 7 +++++--
 1 file changed, 5 insertions(+), 2 deletions(-)
In file included from test.c:4:
hashmap.c: In function ‘eraseMap’:
hashmap.c:102:29: error: ‘ma’ undeclared (first use in this function); did you mean ‘map’?
  102 |     Pair * pair = searchMap(ma, key);
      |                             ^~
      |                             map
hashmap.c:102:29: note: each undeclared identifier is reported only once for each function it appears in
hashmap.c:104:9: error: implicit declaration of function ‘fee’; did you mean ‘free’? [-Werror=implicit-function-declaration]
  104 |         fee(pair->key);
      |         ^~~
      |         free
hashmap.c:105:9: error: ‘pa’ undeclared (first use in this function); did you mean ‘pair’?
  105 |         pa
      |         ^~
      |         pair
hashmap.c:105:11: error: expected ‘;’ before ‘}’ token
  105 |         pa
      |           ^
      |           ;
  106 |     }
      |     ~      
cc1: all warnings being treated as errors
Compilation failed
fada7f6
Sun 10 Sep 2023 04:30:07 AM UTC: 
 hashmap.c | 7 ++++---
 1 file changed, 4 insertions(+), 3 deletions(-)
In file included from test.c:4:
hashmap.c: In function ‘eraseMap’:
hashmap.c:105:21: error: ‘N’ undeclared (first use in this function)
  105 |         pair->key = N
      |                     ^
hashmap.c:105:21: note: each undeclared identifier is reported only once for each function it appears in
hashmap.c:105:22: error: expected ‘;’ before ‘map’
  105 |         pair->key = N
      |                      ^
      |                      ;
  106 |         map
      |         ~~~           
Compilation failed
f6f213e
Sun 10 Sep 2023 04:30:33 AM UTC: 
 hashmap.c | 6 +++---
 1 file changed, 3 insertions(+), 3 deletions(-)
In file included from test.c:4:
hashmap.c: In function ‘eraseMap’:
hashmap.c:103:5: error: expected ‘,’ or ‘;’ before ‘if’
  103 |     if (pair != NULL) {
      |     ^~
hashmap.c:102:12: error: unused variable ‘pair’ [-Werror=unused-variable]
  102 |     Pair * pair = searchMap(map, key)
      |            ^~~~
cc1: all warnings being treated as errors
Compilation failed
9a17b47
Sun 10 Sep 2023 04:31:04 AM UTC: 
 hashmap.c | 2 +-
 1 file changed, 1 insertion(+), 1 deletion(-)
 tests:  6|3
total_score: 40/70
cb08c64
Sun 10 Sep 2023 04:32:05 AM UTC: 
 hashmap.c | 2 +-
 1 file changed, 1 insertion(+), 1 deletion(-)
 tests:  6|3
total_score: 40/70
eae3e2e
Sun 10 Sep 2023 04:32:44 AM UTC: 
 hashmap.c | 5 +++++
 1 file changed, 5 insertions(+)
In file included from test.c:4:
hashmap.c: In function ‘searchMap’:
hashmap.c:117:37: error: expected ‘;’ before ‘return’
  117 |             return map->buckets[idx]
      |                                     ^
      |                                     ;
  118 | 
  119 |     return NULL;
      |     ~~~~~~                           
test.c:453:5: error: ‘main’ is normally a non-static function [-Werror=main]
  453 | int main( int argc, char *argv[] ) {
      |     ^~~~
test.c:511:1: error: expected declaration or statement at end of input
  511 | }
      | ^
test.c:511:1: error: expected declaration or statement at end of input
test.c:512: error: control reaches end of non-void function [-Werror=return-type]
At top level:
test.c:453:5: error: ‘main’ defined but not used [-Werror=unused-function]
  453 | int main( int argc, char *argv[] ) {
      |     ^~~~
test.c:217:5: error: ‘insert_test5’ defined but not used [-Werror=unused-function]
  217 | int insert_test5(){ //factor de carga>0.7, se llama a función enlarge
      |     ^~~~~~~~~~~~
test.c:131:6: error: ‘compare_test’ defined but not used [-Werror=unused-function]
  131 | void compare_test(){
      |      ^~~~~~~~~~~~
test.c:125:6: error: ‘hash_test3’ defined but not used [-Werror=unused-function]
  125 | void hash_test3(){ //no random
      |      ^~~~~~~~~~
test.c:111:6: error: ‘hash_test2’ defined but not used [-Werror=unused-function]
  111 | void hash_test2(){ // colisiones
      |      ^~~~~~~~~~
test.c:100:6: error: ‘hash_test1’ defined but not used [-Werror=unused-function]
  100 | void hash_test1(){ // posición válida
      |      ^~~~~~~~~~
cc1: all warnings being treated as errors
Compilation failed
13b42be
Sun 10 Sep 2023 04:32:52 AM UTC: 
 hashmap.c | 2 +-
 1 file changed, 1 insertion(+), 1 deletion(-)
test.c: In function ‘searchMap’:
test.c:453:5: error: ‘main’ is normally a non-static function [-Werror=main]
  453 | int main( int argc, char *argv[] ) {
      |     ^~~~
test.c:511:1: error: expected declaration or statement at end of input
  511 | }
      | ^
test.c:511:1: error: expected declaration or statement at end of input
test.c:512: error: control reaches end of non-void function [-Werror=return-type]
At top level:
test.c:453:5: error: ‘main’ defined but not used [-Werror=unused-function]
  453 | int main( int argc, char *argv[] ) {
      |     ^~~~
test.c:217:5: error: ‘insert_test5’ defined but not used [-Werror=unused-function]
  217 | int insert_test5(){ //factor de carga>0.7, se llama a función enlarge
      |     ^~~~~~~~~~~~
test.c:131:6: error: ‘compare_test’ defined but not used [-Werror=unused-function]
  131 | void compare_test(){
      |      ^~~~~~~~~~~~
test.c:125:6: error: ‘hash_test3’ defined but not used [-Werror=unused-function]
  125 | void hash_test3(){ //no random
      |      ^~~~~~~~~~
test.c:111:6: error: ‘hash_test2’ defined but not used [-Werror=unused-function]
  111 | void hash_test2(){ // colisiones
      |      ^~~~~~~~~~
test.c:100:6: error: ‘hash_test1’ defined but not used [-Werror=unused-function]
  100 | void hash_test1(){ // posición válida
      |      ^~~~~~~~~~
cc1: all warnings being treated as errors
Compilation failed
88b6a40
Sun 10 Sep 2023 04:49:15 AM UTC: 
 hashmap.c | 8 ++++++--
 1 file changed, 6 insertions(+), 2 deletions(-)
In file included from test.c:4:
hashmap.c:109:1: error: expected identifier or ‘(’ before ‘}’ token
  109 | }
      | ^
hashmap.c: In function ‘firstMap’:
hashmap.c:130:1: error: control reaches end of non-void function [-Werror=return-type]
  130 | }
      | ^
hashmap.c: In function ‘nextMap’:
hashmap.c:134:1: error: control reaches end of non-void function [-Werror=return-type]
  134 | }
      | ^
cc1: all warnings being treated as errors
Compilation failed
63759d3
Sun 10 Sep 2023 04:49:58 AM UTC: 
 hashmap.c | 2 ++
 1 file changed, 2 insertions(+)
In file included from test.c:4:
hashmap.c:109:1: error: expected identifier or ‘(’ before ‘}’ token
  109 | }
      | ^
Compilation failed
40a472e
Sun 10 Sep 2023 04:50:19 AM UTC: 
 hashmap.c | 1 -
 1 file changed, 1 deletion(-)
 tests:  12|1
total_score: 60/70
6ba09a9
Sun 10 Sep 2023 04:51:02 AM UTC: 
 hashmap.c | 1 +
 1 file changed, 1 insertion(+)
 tests:  12|1
total_score: 60/70
7d11e24
Sun 10 Sep 2023 04:51:27 AM UTC: 
 hashmap.c | 7 +++++++
 1 file changed, 7 insertions(+)
In file included from test.c:4:
hashmap.c: In function ‘firstMap’:
hashmap.c:131:54: error: invalid type argument of ‘->’ (have ‘long int’)
  131 |         if (map->buckets[i] != NULL && map->buckets[i->key != NULL) {
      |                                                      ^~
hashmap.c:131:67: error: expected ‘]’ before ‘)’ token
  131 |         if (map->buckets[i] != NULL && map->buckets[i->key != NULL) {
      |                                                                   ^
hashmap.c:132:18: error: ‘HashMap’ {aka ‘struct HashMap’} has no member named ‘curren’; did you mean ‘current’?
  132 |             map->curren = i;
      |                  ^~~~~~
      |                  current
hashmap.c:133:25: error: ‘HashMap’ {aka ‘struct HashMap’} has no member named ‘buckes’; did you mean ‘buckets’?
  133 |             return map->buckes[i];
      |                         ^~~~~~
      |                         buckets
hashmap.c: At top level:
hashmap.c:137:5: error: expected identifier or ‘(’ before ‘return’
  137 |     return NULL;
      |     ^~~~~~
hashmap.c:138:1: error: expected identifier or ‘(’ before ‘}’ token
  138 | }
      | ^
hashmap.c: In function ‘firstMap’:
hashmap.c:135:5: error: control reaches end of non-void function [-Werror=return-type]
  135 |     }
      |     ^
cc1: all warnings being treated as errors
Compilation failed
ade1adb
Sun 10 Sep 2023 04:51:57 AM UTC: 
 hashmap.c | 4 ++--
 1 file changed, 2 insertions(+), 2 deletions(-)
In file included from test.c:4:
hashmap.c: In function ‘firstMap’:
hashmap.c:131:54: error: invalid type argument of ‘->’ (have ‘long int’)
  131 |         if (map->buckets[i] != NULL && map->buckets[i->key != NULL) {
      |                                                      ^~
hashmap.c:131:67: error: expected ‘]’ before ‘)’ token
  131 |         if (map->buckets[i] != NULL && map->buckets[i->key != NULL) {
      |                                                                   ^
hashmap.c:132:18: error: ‘HashMap’ {aka ‘struct HashMap’} has no member named ‘curren’; did you mean ‘current’?
  132 |             map->curren = i
      |                  ^~~~~~
      |                  current
hashmap.c:132:28: error: expected ‘;’ before ‘return’
  132 |             map->curren = i
      |                            ^
      |                            ;
  133 |             return map->buckes[i]
      |             ~~~~~~          
hashmap.c: At top level:
hashmap.c:137:5: error: expected identifier or ‘(’ before ‘return’
  137 |     return NULL;
      |     ^~~~~~
hashmap.c:138:1: error: expected identifier or ‘(’ before ‘}’ token
  138 | }
      | ^
hashmap.c: In function ‘firstMap’:
hashmap.c:135:5: error: control reaches end of non-void function [-Werror=return-type]
  135 |     }
      |     ^
cc1: all warnings being treated as errors
Compilation failed
79a79b0
Sun 10 Sep 2023 04:53:13 AM UTC: 
 hashmap.c | 8 ++++----
 1 file changed, 4 insertions(+), 4 deletions(-)
In file included from test.c:4:
hashmap.c: In function ‘firstMap’:
hashmap.c:133:35: error: expected ‘;’ before ‘}’ token
  133 |             return map->buckets[i]
      |                                   ^
      |                                   ;
  134 |         }
      |         ~                          
Compilation failed
d78e4f4
Sun 10 Sep 2023 04:53:22 AM UTC: 
 hashmap.c | 2 +-
 1 file changed, 1 insertion(+), 1 deletion(-)
 tests:  14|1
total_score: 60/70
d4f0f07
Sun 10 Sep 2023 04:53:49 AM UTC: 
 hashmap.c | 1 +
 1 file changed, 1 insertion(+)
 tests:  14|1
total_score: 60/70
034d625
